<?xml version="1.0" encoding="UTF-8"?>
<!-- Generated by org.testng.reporters.JUnitXMLReporter -->
<testsuite ignored="0" hostname="LAPTOP-820ERDM2" failures="1" tests="1" name="Test" time="4.031" errors="0" timestamp="2023-03-19T21:58:10 IST">
  <testcase classname="test.indexpagetest" name="searchfunctionality" time="0.026">
    <failure type="java.io.IOException" message="Can&amp;apos;t open workbook - unsupported file type: PNG">
      <![CDATA[java.io.IOException: Can't open workbook - unsupported file type: PNG
at org.apache.poi.ss.usermodel.WorkbookFactory.create(WorkbookFactory.java:203)
at org.apache.poi.ss.usermodel.WorkbookFactory.create(WorkbookFactory.java:163)
at utils.utility.exeldata(utility.java:33)
at test.indexpagetest.searchfunctionality(indexpagetest.java:46)
at java.base/java.util.ArrayList.forEach(ArrayList.java:1511)
... Removed 25 stack frames]]>
    </failure>
  </testcase> <!-- searchfunctionality -->
</testsuite> <!-- Test -->
